<?xml version="1.0" encoding="UTF-8" ?>
<testsuite errors="0" failures="0" hostname="localhost" name="edu.mnscu.crypto.CryptoServiceSpec" skipped="0" tests="3" time="1.744" timestamp="2016-02-10T13:21:35">
  <properties />
  <testcase classname="edu.mnscu.crypto.CryptoServiceSpec" name="test encrypt/decrypt AES" time="1.647" />
  <testcase classname="edu.mnscu.crypto.CryptoServiceSpec" name="test hmacsha256" time="0.031" />
  <testcase classname="edu.mnscu.crypto.CryptoServiceSpec" name="test encrypt/decrypt RSA" time="0.017" />
  <system-out><![CDATA[--Output from test encrypt/decrypt AES--
--Output from test hmacsha256--
--Output from test encrypt/decrypt RSA--
]]></system-out>
  <system-err><![CDATA[--Output from test encrypt/decrypt AES--
--Output from test hmacsha256--
--Output from test encrypt/decrypt RSA--
]]></system-err>
</testsuite>
